c:\users\user\desktop\colandreaswizard\colandreaswizard\colandreaswizard\debug\vc120.pdb
c:\users\user\desktop\colandreaswizard\colandreaswizard\colandreaswizard\debug\buildmanager.nativecodeanalysis.xml
c:\users\user\desktop\colandreaswizard\colandreaswizard\colandreaswizard\debug\buildmanager.obj
c:\users\user\desktop\colandreaswizard\colandreaswizard\colandreaswizard\debug\formcolandreasui.nativecodeanalysis.xml
c:\users\user\desktop\colandreaswizard\colandreaswizard\colandreaswizard\debug\formcolandreasui.obj
c:\users\user\desktop\colandreaswizard\colandreaswizard\colandreaswizard\debug\stdafx.nativecodeanalysis.xml
c:\users\user\desktop\colandreaswizard\colandreaswizard\colandreaswizard\debug\stdafx.obj
c:\users\user\desktop\colandreaswizard\colandreaswizard\colandreaswizard\debug\.netframework,version=v4.0.assemblyattributes.nativecodeanalysis.xml
c:\users\user\desktop\colandreaswizard\colandreaswizard\colandreaswizard\debug\.netframework,version=v4.0.assemblyattributes.obj
c:\users\user\desktop\colandreaswizard\colandreaswizard\colandreaswizard\debug\colandreaswizard.formcolandreasui.resources
c:\users\user\desktop\colandreaswizard\colandreaswizard\debug\colandreaswizard.exe
c:\users\user\desktop\colandreaswizard\colandreaswizard\debug\colandreaswizard.pdb
c:\users\user\desktop\colandreaswizard\colandreaswizard\colandreaswizard\debug\colandreaswizard.vcxproj.generateresource.cache
c:\users\user\desktop\colandreaswizard\colandreaswizard\colandreaswizard\debug\nativecodeanalysis.read.1.tlog
c:\users\user\desktop\colandreaswizard\colandreaswizard\colandreaswizard\debug\vc.nativecodeanalysis.all.xml
c:\users\user\desktop\colandreaswizard\colandreaswizard\debug\colandreaswizard.exe.codeanalysislog.xml
c:\users\user\desktop\colandreaswizard\colandreaswizard\debug\colandreaswizard.exe.lastcodeanalysissucceeded
c:\users\user\desktop\colandreaswizard\colandreaswizard\colandreaswizard\debug\colandreaswizard.tlog\cl.command.1.tlog
c:\users\user\desktop\colandreaswizard\colandreaswizard\colandreaswizard\debug\colandreaswizard.tlog\cl.read.1.tlog
c:\users\user\desktop\colandreaswizard\colandreaswizard\colandreaswizard\debug\colandreaswizard.tlog\cl.write.1.tlog
c:\users\user\desktop\colandreaswizard\colandreaswizard\colandreaswizard\debug\colandreaswizard.tlog\colandreaswizard.write.1u.tlog
c:\users\user\desktop\colandreaswizard\colandreaswizard\colandreaswizard\debug\colandreaswizard.tlog\link.command.1.tlog
c:\users\user\desktop\colandreaswizard\colandreaswizard\colandreaswizard\debug\colandreaswizard.tlog\link.read.1.tlog
c:\users\user\desktop\colandreaswizard\colandreaswizard\colandreaswizard\debug\colandreaswizard.tlog\link.write.1.tlog
c:\users\user\desktop\colandreaswizard\colandreaswizard\colandreaswizard\debug\colandreaswizard.tlog\metagen.read.1.tlog
c:\users\user\desktop\colandreaswizard\colandreaswizard\colandreaswizard\debug\colandreaswizard.tlog\metagen.write.1.tlog
c:\users\user\desktop\colandreaswizard\colandreaswizard\colandreaswizard\debug\colandreaswizard.tlog\msxml6r.dll.bi
c:\users\user\desktop\colandreaswizard\colandreaswizard\colandreaswizard\debug\colandreaswizard.tlog\rsaenh.dll.bi
c:\users\user\desktop\colandreaswizard\colandreaswizard\colandreaswizard\debug\colandreaswizard.tlog\tzres.dll.bi
